[2017-07-14 15:03:52] Parsing genome names:
[2017-07-14 15:03:59] Parsing accession IDs for each genome:
[2017-07-14 15:03:59] - Acaryochloris_marina_MBIC11017_uid58167 [1/2787]
[2017-07-14 15:03:59] - Acetobacter_pasteurianus_386B_uid214433 [2/2787]
[2017-07-14 15:03:59] - Acetobacter_pasteurianus_IFO_3283_01_42C_uid158377 [3/2787]
[2017-07-14 15:03:59] - Acetobacter_pasteurianus_IFO_3283_01_uid59279 [4/2787]
[2017-07-14 15:03:59] - Acetobacter_pasteurianus_IFO_3283_03_uid158373 [5/2787]
[2017-07-14 15:03:59] - Acetobacter_pasteurianus_IFO_3283_07_uid158381 [6/2787]
[2017-07-14 15:03:59] - Acetobacter_pasteurianus_IFO_3283_12_uid158379 [7/2787]
[2017-07-14 15:03:59] - Acetobacter_pasteurianus_IFO_3283_22_uid158383 [8/2787]
[2017-07-14 15:03:59] - Acetobacter_pasteurianus_IFO_3283_26_uid158531 [9/2787]
[2017-07-14 15:03:59] - Acetobacter_pasteurianus_IFO_3283_32_uid158375 [10/2787]
[2017-07-14 15:03:59] - Acetobacterium_woodii_DSM_1030_uid88073 [11/2787]
[2017-07-14 15:04:06] - Acetohalobium_arabaticum_DSM_5501_uid51423 [12/2787]
[2017-07-14 15:04:06] - Acholeplasma_brassicae_uid222823 [13/2787]
[2017-07-14 15:04:06] - Acholeplasma_laidlawii_PG_8A_uid58901 [14/2787]
[2017-07-14 15:04:06] - Acholeplasma_palmae_J233_uid222824 [15/2787]
[2017-07-14 15:04:12] - Achromobacter_xylosoxidans_A8_uid59899 [16/2787]
[2017-07-14 15:04:12] - Achromobacter_xylosoxidans_NBRC_15126_uid232243 [17/2787]
[2017-07-14 15:04:12] - Achromobacter_xylosoxidans_uid205255 [18/2787]
[2017-07-14 15:04:13] - Acidaminococcus_fermentans_DSM_20731_uid43471 [19/2787]
[2017-07-14 15:04:19] - Acidaminococcus_intestini_RyC_MR95_uid74445 [20/2787]
[2017-07-14 15:04:19] - Acidianus_hospitalis_W1_uid66875 [21/2787]
[2017-07-14 15:04:20] - Acidilobus_saccharovorans_345_15_uid51395 [22/2787]
[2017-07-14 15:04:21] - Acidimicrobidae_bacterium_YM16_304_uid193703 [23/2787]
[2017-07-14 15:04:26] - Acidimicrobium_ferrooxidans_DSM_10331_uid59215 [24/2787]
[2017-07-14 15:04:27] - Acidiphilium_cryptum_JF_5_uid58447 [25/2787]
[2017-07-14 15:04:27] - Acidiphilium_multivorum_AIU301_uid63345 [26/2787]
[2017-07-14 15:04:29] - Acidithiobacillus_caldus_SM_1_uid70791 [27/2787]
[2017-07-14 15:04:35] - Acidithiobacillus_ferrivorans_SS3_uid67387 [28/2787]
[2017-07-14 15:04:37] - Acidithiobacillus_ferrooxidans_ATCC_23270_uid57649 [29/2787]
[2017-07-14 15:04:42] - Acidithiobacillus_ferrooxidans_ATCC_53993_uid58613 [30/2787]
[2017-07-14 15:04:42] - Acidobacterium_MP5ACTX9_uid50551 [31/2787]
[2017-07-14 15:04:45] - Acidobacterium_capsulatum_ATCC_51196_uid59127 [32/2787]
[2017-07-14 15:04:49] - Acidothermus_cellulolyticus_11B_uid58501 [33/2787]
[2017-07-14 15:04:50] - Acidovorax_JS42_uid58427 [34/2787]
[2017-07-14 15:04:50] - Acidovorax_KKS102_uid176500 [35/2787]
[2017-07-14 15:04:57] - Acidovorax_avenae_ATCC_19860_uid42497 [36/2787]
[2017-07-14 15:04:57] - Acidovorax_citrulli_AAC00_1_uid58429 [37/2787]
[2017-07-14 15:04:57] - Acidovorax_ebreus_TPSY_uid59233 [38/2787]
[2017-07-14 15:05:04] - Aciduliprofundum_MAR08_339_uid184407 [39/2787]
[2017-07-14 15:05:04] - Aciduliprofundum_boonei_T469_uid43333 [40/2787]
[2017-07-14 15:05:04] - Acinetobacter_ADP1_uid61597 [41/2787]
[2017-07-14 15:05:11] - Acinetobacter_baumannii_1656_2_uid158677 [42/2787]
[2017-07-14 15:05:11] - Acinetobacter_baumannii_AB0057_uid59083 [43/2787]
[2017-07-14 15:05:18] - Acinetobacter_baumannii_AB307_0294_uid59271 [44/2787]
[2017-07-14 15:05:18] - Acinetobacter_baumannii_ACICU_uid58765 [45/2787]
[2017-07-14 15:05:25] - Acinetobacter_baumannii_ATCC_17978_uid58731 [46/2787]
[2017-07-14 15:05:25] - Acinetobacter_baumannii_AYE_uid61637 [47/2787]
[2017-07-14 15:05:32] - Acinetobacter_baumannii_BJAB07104_uid210971 [48/2787]
[2017-07-14 15:05:32] - Acinetobacter_baumannii_BJAB0715_uid210972 [49/2787]
[2017-07-14 15:05:38] - Acinetobacter_baumannii_BJAB0868_uid210973 [50/2787]
[2017-07-14 15:05:42] - Acinetobacter_baumannii_D1279779_uid190222 [51/2787]
[2017-07-14 15:05:45] - Acinetobacter_baumannii_MDR_TJ_uid162739 [52/2787]
[2017-07-14 15:05:50] - Acinetobacter_baumannii_MDR_ZJ06_uid158685 [53/2787]
[2017-07-14 15:05:52] - Acinetobacter_baumannii_SDF_uid61601 [54/2787]
[2017-07-14 15:05:56] - Acinetobacter_baumannii_TCDC_AB0715_uid158679 [55/2787]
[2017-07-14 15:05:58] - Acinetobacter_baumannii_TYTH_1_uid176498 [56/2787]
[2017-07-14 15:06:03] - Acinetobacter_baumannii_ZW85_1_uid231518 [57/2787]
[2017-07-14 15:06:05] - Acinetobacter_calcoaceticus_PHEA_2_uid83123 [58/2787]
[2017-07-14 15:06:11] - Acinetobacter_oleivorans_DR1_uid50119 [59/2787]
[2017-07-14 15:07:01] - Actinobacillus_pleuropneumoniae_serovar_3_JL03_uid58891 [60/2787]
[2017-07-14 15:07:01] - Actinobacillus_pleuropneumoniae_serovar_5b_L20_uid58789 [61/2787]
[2017-07-14 15:07:02] - Actinobacillus_pleuropneumoniae_serovar_7_AP76_uid59231 [62/2787]
[2017-07-14 15:07:08] - Actinobacillus_succinogenes_130Z_uid58247 [63/2787]
[2017-07-14 15:07:09] - Actinobacillus_suis_H91_0380_uid176363 [64/2787]
[2017-07-14 15:07:09] - Actinoplanes_N902_109_uid202219 [65/2787]
[2017-07-14 15:07:09] - Actinoplanes_SE50_110_uid162333 [66/2787]
[2017-07-14 15:07:09] - Actinoplanes_friuliensis_DSM_7358_uid226110 [67/2787]
[2017-07-14 15:07:09] - Actinoplanes_missouriensis_431_uid158169 [68/2787]
[2017-07-14 15:07:15] - Actinosynnema_mirum_DSM_43827_uid58951 [69/2787]
[2017-07-14 15:07:15] - Adlercreutzia_equolifaciens_DSM_19450_uid223286 [70/2787]
[2017-07-14 15:07:15] - Advenella_kashmirensis_WT001_uid80859 [71/2787]
[2017-07-14 15:07:16] - Aequorivita_sublithincola_DSM_14238_uid168181 [72/2787]
[2017-07-14 15:07:16] - Aerococcus_urinae_ACS_120_V_Col10a_uid64757 [73/2787]
[2017-07-14 15:07:22] - Aeromonas_hydrophila_ATCC_7966_uid58617 [74/2787]
[2017-07-14 15:07:22] - Aeromonas_hydrophila_ML09_119_uid205540 [75/2787]
[2017-07-14 15:07:22] - Aeromonas_salmonicida_A449_uid58631 [76/2787]
[2017-07-14 15:07:22] - Aeromonas_veronii_B565_uid66323 [77/2787]
[2017-07-14 15:07:29] - Aeropyrum_camini_SY1___JCM_12091_uid222311 [78/2787]
[2017-07-14 15:07:29] - Aeropyrum_pernix_K1_uid57757 [79/2787]
[2017-07-14 15:07:29] - Aggregatibacter_actinomycetemcomitans_ANH9381_uid80743 [80/2787]
[2017-07-14 15:07:29] - Aggregatibacter_actinomycetemcomitans_D11S_1_uid41333 [81/2787]
[2017-07-14 15:07:35] - Aggregatibacter_actinomycetemcomitans_D7S_1_uid46989 [82/2787]
[2017-07-14 15:07:35] - Aggregatibacter_aphrophilus_NJ8700_uid59407 [83/2787]
[2017-07-14 15:07:35] - Agrobacterium_H13_3_uid63403 [84/2787]
[2017-07-14 15:07:42] - Agrobacterium_fabrum_C58_uid57865 [85/2787]
[2017-07-14 15:07:42] - Agrobacterium_radiobacter_K84_uid58269 [86/2787]
[2017-07-14 15:07:49] - Agrobacterium_vitis_S4_uid58249 [87/2787]
[2017-07-14 15:07:49] - Agromonas_oligotrophica_S58_uid192186 [88/2787]
[2017-07-14 15:07:51] - Akkermansia_muciniphila_ATCC_BAA_835_uid58985 [89/2787]
[2017-07-14 15:07:56] - Alcanivorax_borkumensis_SK2_uid58169 [90/2787]
[2017-07-14 15:07:56] - Alcanivorax_dieselolei_B5_uid176364 [91/2787]
[2017-07-14 15:07:58] - Alicycliphilus_denitrificans_BC_uid49953 [92/2787]
[2017-07-14 15:08:02] - Alicycliphilus_denitrificans_K601_uid66307 [93/2787]
[2017-07-14 15:08:03] - Alicyclobacillus_acidocaldarius_DSM_446_uid59199 [94/2787]
[2017-07-14 15:08:05] - Alicyclobacillus_acidocaldarius_Tc_4_1_uid158681 [95/2787]
[2017-07-14 15:08:06] - Aliivibrio_salmonicida_LFI1238_uid59251 [96/2787]
[2017-07-14 15:08:10] - Alistipes_finegoldii_DSM_17242_uid168180 [97/2787]
[2017-07-14 15:08:10] - Alistipes_shahii_WAL_8301_uid197175 [98/2787]
[2017-07-14 15:08:11] - Alkalilimnicola_ehrlichii_MLHE_1_uid58467 [99/2787]
[2017-07-14 15:08:14] - Alkaliphilus_metalliredigens_QYMF_uid58171 [100/2787]
[2017-07-14 15:08:16] - Alkaliphilus_oremlandii_OhILAs_uid58495 [101/2787]
[2017-07-14 15:08:17] - Allochromatium_vinosum_DSM_180_uid46083 [102/2787]
[2017-07-14 15:08:18] - Alteromonas_SN2_uid67349 [103/2787]
[2017-07-14 15:08:21] - Alteromonas_macleodii_ATCC_27126_uid55253 [104/2787]
[2017-07-14 15:08:23] - Alteromonas_macleodii_AltDE1_uid179068 [105/2787]
[2017-07-14 15:08:23] - Alteromonas_macleodii__Aegean_Sea_MED64__uid231689 [106/2787]
[2017-07-14 15:08:25] - Alteromonas_macleodii__Balearic_Sea_AD45__uid176366 [107/2787]
[2017-07-14 15:08:28] - Alteromonas_macleodii__Black_Sea_11__uid176365 [108/2787]
[2017-07-14 15:08:30] - Alteromonas_macleodii__Deep_ecotype__uid58251 [109/2787]
[2017-07-14 15:08:30] - Alteromonas_macleodii__English_Channel_615__uid210781 [110/2787]
[2017-07-14 15:08:32] - Alteromonas_macleodii__English_Channel_673__uid176367 [111/2787]
[2017-07-14 15:08:35] - Alteromonas_macleodii__Ionian_Sea_U4__uid210780 [112/2787]
[2017-07-14 15:08:36] - Alteromonas_macleodii__Ionian_Sea_U7__uid210785 [113/2787]
[2017-07-14 15:08:37] - Alteromonas_macleodii__Ionian_Sea_U8__uid210782 [114/2787]
[2017-07-14 15:08:39] - Alteromonas_macleodii__Ionian_Sea_UM4b__uid210784 [115/2787]
[2017-07-14 15:08:42] - Alteromonas_macleodii__Ionian_Sea_UM7__uid210783 [116/2787]
[2017-07-14 15:08:43] - Aminobacterium_colombiense_DSM_12261_uid47083 [117/2787]
[2017-07-14 15:08:44] - Ammonifex_degensii_KC4_uid41053 [118/2787]
[2017-07-14 15:08:47] - Amphibacillus_xylanus_NBRC_15112_uid176453 [119/2787]
[2017-07-14 15:08:48] - Amycolatopsis_mediterranei_RB_uid216089 [120/2787]
[2017-07-14 15:08:50] - Amycolatopsis_mediterranei_S699_uid158689 [121/2787]
[2017-07-14 15:08:51] - Amycolatopsis_mediterranei_S699_uid171830 [122/2787]
[2017-07-14 15:08:55] - Amycolatopsis_mediterranei_U32_uid50565 [123/2787]
[2017-07-14 15:08:57] - Amycolatopsis_orientalis_HCCB10007_uid203791 [124/2787]
[2017-07-14 15:09:02] - Amycolicicoccus_subflavus_DQS3_9A1_uid67253 [125/2787]
[2017-07-14 15:09:04] - Anabaena_90_uid179383 [126/2787]
[2017-07-14 15:09:07] - Anabaena_cylindrica_PCC_7122_uid183339 [127/2787]
[2017-07-14 15:09:09] - Anabaena_variabilis_ATCC_29413_uid58043 [128/2787]
[2017-07-14 15:09:14] - Anaerobaculum_mobile_DSM_13181_uid168323 [129/2787]
[2017-07-14 15:09:14] - Anaerococcus_prevotii_DSM_20548_uid59219 [130/2787]
[2017-07-14 15:09:15] - Anaerolinea_thermophila_UNI_1_uid62245 [131/2787]
[2017-07-14 15:09:16] - Anaeromyxobacter_Fw109_5_uid58755 [132/2787]
[2017-07-14 15:09:21] - Anaeromyxobacter_K_uid58953 [133/2787]
[2017-07-14 15:09:22] - Anaeromyxobacter_dehalogenans_2CP_1_uid58989 [134/2787]
[2017-07-14 15:09:22] - Anaeromyxobacter_dehalogenans_2CP_C_uid58135 [135/2787]
[2017-07-14 15:09:23] - Anaplasma_centrale_Israel_uid42155 [136/2787]
[2017-07-14 15:09:28] - Anaplasma_marginale_Dawn_uid226994 [137/2787]
[2017-07-14 15:09:29] - Anaplasma_marginale_Florida_uid58577 [138/2787]
[2017-07-14 15:09:30] - Anaplasma_marginale_Gypsy_Plains_uid227217 [139/2787]
[2017-07-14 15:09:35] - Anaplasma_marginale_Maries_uid57629 [140/2787]
[2017-07-14 15:09:36] - Anaplasma_phagocytophilum_Dog2_uid213225 [141/2787]
[2017-07-14 15:09:38] - Anaplasma_phagocytophilum_HZ2_uid213224 [142/2787]
[2017-07-14 15:09:42] - Anaplasma_phagocytophilum_HZ_uid57951 [143/2787]
[2017-07-14 15:09:42] - Anaplasma_phagocytophilum_JM_uid213223 [144/2787]
[2017-07-14 15:09:45] - Anoxybacillus_flavithermus_WK1_uid59135 [145/2787]
[2017-07-14 15:09:49] - Aquifex_aeolicus_VF5_uid57765 [146/2787]
[2017-07-14 15:09:52] - Arcanobacterium_haemolyticum_DSM_20595_uid49489 [147/2787]
[2017-07-14 15:09:56] - Archaeoglobus_fulgidus_DSM_4304_uid57717 [148/2787]
[2017-07-14 15:09:59] - Archaeoglobus_profundus_DSM_5631_uid43493 [149/2787]
[2017-07-14 15:10:03] - Archaeoglobus_sulfaticallidus_PM70_1_uid201033 [150/2787]
[2017-07-14 15:10:06] - Archaeoglobus_veneficus_SNP6_uid65269 [151/2787]
[2017-07-14 15:10:10] - Arcobacter_L_uid158135 [152/2787]
[2017-07-14 15:10:11] - Arcobacter_butzleri_7h1h_uid200766 [153/2787]
[2017-07-14 15:10:13] - Arcobacter_butzleri_ED_1_uid158699 [154/2787]
[2017-07-14 15:10:17] - Arcobacter_butzleri_RM4018_uid58557 [155/2787]
[2017-07-14 15:10:18] - Arcobacter_nitrofigilis_DSM_7299_uid49001 [156/2787]
[2017-07-14 15:10:18] - Aromatoleum_aromaticum_EbN1_uid58231 [157/2787]
[2017-07-14 15:10:20] - Arthrobacter_FB24_uid58141 [158/2787]
[2017-07-14 15:10:25] - Arthrobacter_Rue61a_uid174511 [159/2787]
[2017-07-14 15:10:25] - Arthrobacter_arilaitensis_Re117_uid53509 [160/2787]
[2017-07-14 15:10:25] - Arthrobacter_aurescens_TC1_uid58109 [161/2787]
[2017-07-14 15:10:27] - Arthrobacter_chlorophenolicus_A6_uid58969 [162/2787]
[2017-07-14 15:10:32] - Arthrobacter_phenanthrenivorans_Sphe3_uid63629 [163/2787]
[2017-07-14 15:10:32] - Arthrospira_platensis_NIES_39_uid197171 [164/2787]
[2017-07-14 15:10:32] - Aster_yellows_witches_broom_phytoplasma_AYWB_uid58297 [165/2787]
[2017-07-14 15:10:33] - Asticcacaulis_excentricus_CB_48_uid55641 [166/2787]
[2017-07-14 15:10:34] - Atopobium_parvulum_DSM_20469_uid59195 [167/2787]
[2017-07-14 15:10:38] - Azoarcus_BH72_uid61603 [168/2787]
[2017-07-14 15:10:38] - Azoarcus_KH32C_uid193704 [169/2787]
[2017-07-14 15:10:39] - Azorhizobium_caulinodans_ORS_571_uid58905 [170/2787]
[2017-07-14 15:10:40] - Azospirillum_B510_uid46085 [171/2787]
[2017-07-14 15:10:40] - Azospirillum_brasilense_Sp245_uid162161 [172/2787]
[2017-07-14 15:10:41] - Azospirillum_lipoferum_4B_uid82343 [173/2787]
[2017-07-14 15:10:45] - Azotobacter_vinelandii_CA6_uid198830 [174/2787]
[2017-07-14 15:10:45] - Azotobacter_vinelandii_CA_uid198829 [175/2787]
[2017-07-14 15:10:46] - Azotobacter_vinelandii_DJ_uid57597 [176/2787]
[2017-07-14 15:10:47] - Bacillus_1NLA3E_uid81841 [177/2787]
[2017-07-14 15:10:47] - Bacillus_JS_uid162189 [178/2787]
[2017-07-14 15:10:48] - Bacillus_amyloliquefaciens_CC178_uid226115 [179/2787]
[2017-07-14 15:10:53] - Bacillus_amyloliquefaciens_DSM_7_uid53535 [180/2787]
[2017-07-14 15:10:53] - Bacillus_amyloliquefaciens_FZB42_uid58271 [181/2787]
[2017-07-14 15:10:53] - Bacillus_amyloliquefaciens_IT_45_uid181617 [182/2787]
[2017-07-14 15:10:53] - Bacillus_amyloliquefaciens_LFB112_uid232246 [183/2787]
[2017-07-14 15:10:54] - Bacillus_amyloliquefaciens_LL3_uid158133 [184/2787]
[2017-07-14 15:10:55] - Bacillus_amyloliquefaciens_TA208_uid158701 [185/2787]
[2017-07-14 15:10:59] - Bacillus_amyloliquefaciens_XH7_uid158881 [186/2787]
[2017-07-14 15:10:59] - Bacillus_amyloliquefaciens_Y2_uid165195 [187/2787]
[2017-07-14 15:11:01] - Bacillus_amyloliquefaciens_plantarum_AS43_3_uid183682 [188/2787]
[2017-07-14 15:11:01] - Bacillus_amyloliquefaciens_plantarum_CAU_B946_uid84215 [189/2787]
[2017-07-14 15:11:03] - Bacillus_amyloliquefaciens_plantarum_NAU_B3_uid222816 [190/2787]
[2017-07-14 15:11:06] - Bacillus_amyloliquefaciens_plantarum_UCMB5033_uid215237 [191/2787]
[2017-07-14 15:11:07] - Bacillus_amyloliquefaciens_plantarum_UCMB5036_uid190705 [192/2787]
[2017-07-14 15:11:07] - Bacillus_amyloliquefaciens_plantarum_UCMB5113_uid215236 [193/2787]
[2017-07-14 15:11:08] - Bacillus_amyloliquefaciens_plantarum_YAU_B9601_Y2_uid159001 [194/2787]
[2017-07-14 15:11:13] - Bacillus_anthracis_A0248_uid59385 [195/2787]
[2017-07-14 15:11:13] - Bacillus_anthracis_A2012_uid54101 [196/2787]
[2017-07-14 15:11:14] - Bacillus_anthracis_Ames_uid57909 [197/2787]
[2017-07-14 15:11:15] - Bacillus_anthracis_CDC_684_uid59303 [198/2787]
[2017-07-14 15:11:20] - Bacillus_anthracis_H9401_uid162021 [199/2787]
[2017-07-14 15:11:20] - Bacillus_anthracis_Sterne_uid58091 [200/2787]
[2017-07-14 15:11:22] - Bacillus_anthracis__Ames_Ancestor__uid58083 [201/2787]
[2017-07-14 15:11:28] - Bacillus_atrophaeus_1942_uid59887 [202/2787]
[2017-07-14 15:11:28] - Bacillus_cellulosilyticus_DSM_2522_uid43329 [203/2787]
[2017-07-14 15:11:29] - Bacillus_cereus_03BB102_uid59299 [204/2787]
[2017-07-14 15:11:35] - Bacillus_cereus_AH187_uid58753 [205/2787]
[2017-07-14 15:11:35] - Bacillus_cereus_AH820_uid58751 [206/2787]
[2017-07-14 15:11:36] - Bacillus_cereus_ATCC_10987_uid57673 [207/2787]
[2017-07-14 15:11:43] - Bacillus_cereus_ATCC_14579_uid57975 [208/2787]
[2017-07-14 15:11:43] - Bacillus_cereus_B4264_uid58757 [209/2787]
[2017-07-14 15:11:44] - Bacillus_cereus_E33L_uid58103 [210/2787]
[2017-07-14 15:11:49] - Bacillus_cereus_F837_76_uid83611 [211/2787]
[2017-07-14 15:11:49] - Bacillus_cereus_FRI_35_uid173403 [212/2787]
[2017-07-14 15:11:50] - Bacillus_cereus_G9842_uid58759 [213/2787]
[2017-07-14 15:11:51] - Bacillus_cereus_NC7401_uid82815 [214/2787]
[2017-07-14 15:11:53] - Bacillus_cereus_Q1_uid58529 [215/2787]
[2017-07-14 15:11:56] - Bacillus_cereus_biovar_anthracis_CI_uid50615 [216/2787]
[2017-07-14 15:11:56] - Bacillus_clausii_KSM_K16_uid58237 [217/2787]
[2017-07-14 15:11:57] - Bacillus_coagulans_2_6_uid68053 [218/2787]
[2017-07-14 15:11:58] - Bacillus_coagulans_36D1_uid54335 [219/2787]
[2017-07-14 15:12:00] - Bacillus_cytotoxicus_NVH_391_98_uid58317 [220/2787]
[2017-07-14 15:12:03] - Bacillus_halodurans_C_125_uid57791 [221/2787]
[2017-07-14 15:12:05] - Bacillus_infantis_NRRL_B_14911_uid222804 [222/2787]
[2017-07-14 15:12:06] - Bacillus_licheniformis_9945A_uid207072 [223/2787]
[2017-07-14 15:12:10] - Bacillus_licheniformis_ATCC_14580_uid58097 [224/2787]
[2017-07-14 15:12:11] - Bacillus_licheniformis_DSM_13___ATCC_14580_uid58199 [225/2787]
[2017-07-14 15:12:13] - Bacillus_megaterium_DSM319_uid48371 [226/2787]
[2017-07-14 15:12:17] - Bacillus_megaterium_QM_B1551_uid15862 [227/2787]
[2017-07-14 15:12:21] - Bacillus_megaterium_WSH_002_uid159841 [228/2787]
[2017-07-14 15:12:23] - Bacillus_pseudofirmus_OF4_uid45847 [229/2787]
[2017-07-14 15:12:25] - Bacillus_pumilus_SAFR_032_uid59017 [230/2787]
[2017-07-14 15:12:32] - Bacillus_selenitireducens_MLS10_uid49513 [231/2787]
[2017-07-14 15:12:40] - Bacillus_subtilis_168_uid57675 [232/2787]
[2017-07-14 15:12:45] - Bacillus_subtilis_6051_HGW_uid193706 [233/2787]
[2017-07-14 15:12:48] - Bacillus_subtilis_BAB_1_uid195461 [234/2787]
[2017-07-14 15:12:52] - Bacillus_subtilis_BSP1_uid184010 [235/2787]
[2017-07-14 15:12:55] - Bacillus_subtilis_BSn5_uid62463 [236/2787]
[2017-07-14 15:12:59] - Bacillus_subtilis_PY79_uid229877 [237/2787]
[2017-07-14 15:13:02] - Bacillus_subtilis_QB928_uid173926 [238/2787]
[2017-07-14 15:13:10] - Bacillus_subtilis_RO_NN_1_uid158879 [239/2787]
[2017-07-14 15:13:17] - Bacillus_subtilis_XF_1_uid189187 [240/2787]
[2017-07-14 15:13:25] - Bacillus_subtilis_natto_BEST195_uid183001 [241/2787]
[2017-07-14 15:13:33] - Bacillus_subtilis_spizizenii_TU_B_10_uid73967 [242/2787]
[2017-07-14 15:13:40] - Bacillus_subtilis_spizizenii_W23_uid51879 [243/2787]
[2017-07-14 15:13:47] - Bacillus_thuringiensis_Al_Hakam_uid58795 [244/2787]
[2017-07-14 15:13:55] - Bacillus_thuringiensis_BMB171_uid49135 [245/2787]
[2017-07-14 15:13:56] - Bacillus_thuringiensis_Bt407_uid177931 [246/2787]
[2017-07-14 15:14:02] - Bacillus_thuringiensis_HD_771_uid173374 [247/2787]
[2017-07-14 15:14:03] - Bacillus_thuringiensis_HD_789_uid173860 [248/2787]
[2017-07-14 15:14:06] - Bacillus_thuringiensis_MC28_uid176369 [249/2787]
[2017-07-14 15:14:09] - Bacillus_thuringiensis_YBT_1518_uid229419 [250/2787]
[2017-07-14 15:14:10] - Bacillus_thuringiensis_serovar_IS5056_uid190186 [251/2787]
[2017-07-14 15:14:13] - Bacillus_thuringiensis_serovar_chinensis_CT_43_uid158151 [252/2787]
[2017-07-14 15:14:17] - Bacillus_thuringiensis_serovar_finitimus_YBT_020_uid158875 [253/2787]
[2017-07-14 15:14:18] - Bacillus_thuringiensis_serovar_konkukian_97_27_uid58089 [254/2787]
[2017-07-14 15:14:20] - Bacillus_thuringiensis_serovar_kurstaki_HD73_uid189188 [255/2787]
[2017-07-14 15:14:23] - Bacillus_toyonensis_BCT_7112_uid227218 [256/2787]
[2017-07-14 15:14:24] - Bacillus_weihenstephanensis_KBAB4_uid58315 [257/2787]
[2017-07-14 15:14:31] - Bacteriovorax_marinus_SJ_uid82341 [258/2787]
[2017-07-14 15:14:39] - Bacteroides_CF50_uid222805 [259/2787]
[2017-07-14 15:14:46] - Bacteroides_fragilis_638R_uid84217 [260/2787]
[2017-07-14 15:14:53] - Bacteroides_fragilis_NCTC_9343_uid57639 [261/2787]
[2017-07-14 15:14:59] - Bacteroides_fragilis_YCH46_uid58195 [262/2787]
[2017-07-14 15:14:59] - Bacteroides_helcogenes_P_36_108_uid62135 [263/2787]
[2017-07-14 15:15:00] - Bacteroides_salanitronis_DSM_18170_uid63269 [264/2787]
[2017-07-14 15:15:06] - Bacteroides_thetaiotaomicron_VPI_5482_uid62913 [265/2787]
[2017-07-14 15:15:06] - Bacteroides_uniformis_uid13130 [266/2787]
[2017-07-14 15:15:07] - Bacteroides_vulgatus_ATCC_8482_uid58253 [267/2787]
[2017-07-14 15:15:13] - Bacteroides_xylanisolvens_XB1A_uid197168 [268/2787]
[2017-07-14 15:15:13] - Bartonella_australis_Aust_NH1_uid189950 [269/2787]
[2017-07-14 15:15:14] - Bartonella_bacilliformis_KC583_uid58533 [270/2787]
[2017-07-14 15:15:14] - Bartonella_clarridgeiae_73_uid62131 [271/2787]
[2017-07-14 15:15:20] - Bartonella_grahamii_as4aup_uid59405 [272/2787]
[2017-07-14 15:15:20] - Bartonella_henselae_Houston_1_uid57745 [273/2787]
[2017-07-14 15:15:21] - Bartonella_quintana_RM_11_uid174512 [274/2787]
[2017-07-14 15:15:21] - Bartonella_quintana_Toulouse_uid57635 [275/2787]
[2017-07-14 15:15:23] - Bartonella_tribocorum_CIP_105476_uid59129 [276/2787]
[2017-07-14 15:15:26] - Bartonella_vinsonii_berkhoffii_Winnie_uid189951 [277/2787]
[2017-07-14 15:15:27] - Baumannia_cicadellinicola_Hc__Homalodisca_coagulata__uid58111 [278/2787]
[2017-07-14 15:15:28] - Bdellovibrio_bacteriovorus_HD100_uid61595 [279/2787]
[2017-07-14 15:15:28] - Bdellovibrio_bacteriovorus_Tiberius_uid182482 [280/2787]
[2017-07-14 15:15:28] - Bdellovibrio_exovorus_JSS_uid194119 [281/2787]
[2017-07-14 15:15:30] - Beijerinckia_indica_ATCC_9039_uid59057 [282/2787]
[2017-07-14 15:15:33] - Belliella_baltica_DSM_15883_uid168182 [283/2787]
[2017-07-14 15:15:34] - Beutenbergia_cavernae_DSM_12333_uid59047 [284/2787]
[2017-07-14 15:15:35] - Bibersteinia_trehalosi_192_uid193709 [285/2787]
[2017-07-14 15:15:35] - Bifidobacterium_adolescentis_ATCC_15703_uid58559 [286/2787]
[2017-07-14 15:15:35] - Bifidobacterium_animalis_ATCC_25527_uid162513 [287/2787]
[2017-07-14 15:15:37] - Bifidobacterium_animalis_lactis_AD011_uid58911 [288/2787]
[2017-07-14 15:15:40] - Bifidobacterium_animalis_lactis_ATCC_27673_uid222803 [289/2787]
[2017-07-14 15:15:40] - Bifidobacterium_animalis_lactis_B420_uid163691 [290/2787]
[2017-07-14 15:15:41] - Bifidobacterium_animalis_lactis_BB_12_uid158871 [291/2787]
[2017-07-14 15:15:42] - Bifidobacterium_animalis_lactis_BLC1_uid158867 [292/2787]
[2017-07-14 15:15:42] - Bifidobacterium_animalis_lactis_Bi_07_uid163693 [293/2787]
[2017-07-14 15:15:44] - Bifidobacterium_animalis_lactis_Bl12_uid210081 [294/2787]
[2017-07-14 15:15:47] - Bifidobacterium_animalis_lactis_Bl_04_uid59359 [295/2787]
[2017-07-14 15:15:47] - Bifidobacterium_animalis_lactis_CNCM_I_2494_uid158869 [296/2787]
[2017-07-14 15:15:48] - Bifidobacterium_animalis_lactis_DSM_10140_uid59357 [297/2787]
[2017-07-14 15:15:48] - Bifidobacterium_animalis_lactis_V9_uid158865 [298/2787]
[2017-07-14 15:15:49] - Bifidobacterium_asteroides_PRL2011_uid176921 [299/2787]
[2017-07-14 15:15:51] - Bifidobacterium_bifidum_BGN4_uid167988 [300/2787]
[2017-07-14 15:15:54] - Bifidobacterium_bifidum_PRL2010_uid59883 [301/2787]
[2017-07-14 15:15:54] - Bifidobacterium_bifidum_S17_uid59545 [302/2787]
[2017-07-14 15:15:56] - Bifidobacterium_breve_ACS_071_V_Sch8b_uid158863 [303/2787]
[2017-07-14 15:15:57] - Bifidobacterium_breve_UCC2003_uid193702 [304/2787]
[2017-07-14 15:16:00] - Bifidobacterium_dentium_Bd1_uid43091 [305/2787]
[2017-07-14 15:16:01] - Bifidobacterium_longum_BBMN68_uid60163 [306/2787]
[2017-07-14 15:16:02] - Bifidobacterium_longum_DJO10A_uid58833 [307/2787]
[2017-07-14 15:16:03] - Bifidobacterium_longum_F8_uid197184 [308/2787]
[2017-07-14 15:16:04] - Bifidobacterium_longum_JCM_1217_uid62695 [309/2787]
[2017-07-14 15:16:08] - Bifidobacterium_longum_JDM301_uid49131 [310/2787]
[2017-07-14 15:16:08] - Bifidobacterium_longum_KACC_91563_uid158861 [311/2787]
[2017-07-14 15:16:08] - Bifidobacterium_longum_NCC2705_uid57939 [312/2787]
[2017-07-14 15:16:10] - Bifidobacterium_longum_infantis_157F_uid62693 [313/2787]
[2017-07-14 15:16:11] - Bifidobacterium_longum_infantis_ATCC_15697_uid159865 [314/2787]
[2017-07-14 15:16:14] - Bifidobacterium_longum_infantis_ATCC_15697_uid58677 [315/2787]
[2017-07-14 15:16:15] - Bifidobacterium_thermophilum_RBL67_uid193770 [316/2787]
[2017-07-14 15:16:15] - Blastococcus_saxobsidens_DD2_uid89391 [317/2787]
[2017-07-14 15:16:17] - Blattabacterium__Blaberus_giganteus__uid165873 [318/2787]
[2017-07-14 15:16:22] - Blattabacterium__Blatta_orientalis__Tarazona_uid188115 [319/2787]
[2017-07-14 15:16:22] - Blattabacterium__Blattella_germanica__Bge_uid41533 [320/2787]
[2017-07-14 15:16:24] - Blattabacterium__Cryptocercus_punctulatus__Cpu_uid81083 [321/2787]
[2017-07-14 15:16:24] - Blattabacterium__Mastotermes_darwiniensis__MADAR_uid77127 [322/2787]
[2017-07-14 15:16:28] - Blattabacterium__Nauphoeta_cinerea__uid222815 [323/2787]
[2017-07-14 15:16:29] - Blattabacterium__Panesthia_angustipennis_spadica__BPAA_uid193717 [324/2787]
[2017-07-14 15:16:31] - Blattabacterium__Periplaneta_americana__BPLAN_uid41287 [325/2787]
[2017-07-14 15:16:31] - Bordetella_avium_197N_uid61563 [326/2787]
[2017-07-14 15:16:37] - Bordetella_bronchiseptica_253_uid178913 [327/2787]
[2017-07-14 15:16:37] - Bordetella_bronchiseptica_MO149_uid177517 [328/2787]
[2017-07-14 15:16:38] - Bordetella_bronchiseptica_RB50_uid57613 [329/2787]
[2017-07-14 15:16:38] - Bordetella_parapertussis_12822_uid57615 [330/2787]
[2017-07-14 15:16:43] - Bordetella_parapertussis_18323_uid175569 [331/2787]
[2017-07-14 15:16:43] - Bordetella_parapertussis_Bpp5_uid177516 [332/2787]
[2017-07-14 15:16:44] - Bordetella_pertussis_CS_uid158859 [333/2787]
[2017-07-14 15:16:45] - Bordetella_pertussis_Tohama_I_uid57617 [334/2787]
[2017-07-14 15:16:50] - Bordetella_petrii_uid61631 [335/2787]
[2017-07-14 15:16:50] - Borrelia_afzelii_HLJ01_uid177930 [336/2787]
[2017-07-14 15:16:51] - Borrelia_afzelii_PKo_uid159867 [337/2787]
[2017-07-14 15:16:52] - Borrelia_afzelii_PKo_uid58653 [338/2787]
[2017-07-14 15:16:57] - Borrelia_bissettii_DN127_uid71231 [339/2787]
[2017-07-14 15:16:57] - Borrelia_burgdorferi_B31_uid57581 [340/2787]
[2017-07-14 15:16:58] - Borrelia_burgdorferi_CA382_uid214794 [341/2787]
[2017-07-14 15:16:59] - Borrelia_burgdorferi_JD1_uid161197 [342/2787]
[2017-07-14 15:17:03] - Borrelia_burgdorferi_N40_uid161241 [343/2787]
[2017-07-14 15:17:04] - Borrelia_burgdorferi_ZS7_uid59429 [344/2787]
[2017-07-14 15:17:05] - Borrelia_crocidurae_Achema_uid162335 [345/2787]
[2017-07-14 15:17:10] - Borrelia_duttonii_Ly_uid58791 [346/2787]
[2017-07-14 15:17:11] - Borrelia_garinii_BgVir_uid162165 [347/2787]
[2017-07-14 15:17:12] - Borrelia_garinii_NMJW1_uid177081 [348/2787]
[2017-07-14 15:17:12] - Borrelia_garinii_PBi_uid58125 [349/2787]
[2017-07-14 15:17:13] - Borrelia_hermsii_DAH_uid59225 [350/2787]
[2017-07-14 15:17:18] - Borrelia_miyamotoi_LB_2001_uid215233 [351/2787]
[2017-07-14 15:17:18] - Borrelia_recurrentis_A1_uid58793 [352/2787]
[2017-07-14 15:17:18] - Borrelia_turicatae_91E135_uid58311 [353/2787]
[2017-07-14 15:17:19] - Borrelia_valaisiana_VS116_uid54823 [354/2787]
[2017-07-14 15:17:20] - Brachybacterium_faecium_DSM_4810_uid58649 [355/2787]
[2017-07-14 15:17:22] - Brachyspira_hyodysenteriae_WA1_uid59291 [356/2787]
[2017-07-14 15:17:26] - Brachyspira_intermedia_PWS_A_uid158369 [357/2787]
[2017-07-14 15:17:27] - Brachyspira_murdochii_DSM_12563_uid48819 [358/2787]
[2017-07-14 15:17:27] - Brachyspira_pilosicoli_95_1000_uid50609 [359/2787]
[2017-07-14 15:17:27] - Brachyspira_pilosicoli_B2904_uid175255 [360/2787]
[2017-07-14 15:17:29] - Brachyspira_pilosicoli_P43_6_78_uid184077 [361/2787]
[2017-07-14 15:17:33] - Brachyspira_pilosicoli_WesB_uid175256 [362/2787]
[2017-07-14 15:17:34] - Bradyrhizobium_BTAi1_uid58505 [363/2787]
[2017-07-14 15:17:34] - Bradyrhizobium_ORS_278_uid58941 [364/2787]
[2017-07-14 15:17:39] - Bradyrhizobium_S23321_uid158167 [365/2787]
[2017-07-14 15:17:40] - Bradyrhizobium_japonicum_USDA_110_uid57599 [366/2787]
[2017-07-14 15:17:41] - Bradyrhizobium_japonicum_USDA_6_uid158851 [367/2787]
[2017-07-14 15:17:44] - Brevibacillus_brevis_NBRC_100599_uid59175 [368/2787]
[2017-07-14 15:17:48] - Brevundimonas_subvibrioides_ATCC_15264_uid42117 [369/2787]
[2017-07-14 15:17:49] - Brucella_abortus_A13334_uid83615 [370/2787]
[2017-07-14 15:17:51] - Brucella_abortus_S19_uid58873 [371/2787]
[2017-07-14 15:17:55] - Brucella_abortus_bv__1_9_941_uid58019 [372/2787]
[2017-07-14 15:17:56] - Brucella_canis_ATCC_23365_uid59009 [373/2787]
[2017-07-14 15:17:57] - Brucella_canis_HSK_A52141_uid83613 [374/2787]
[2017-07-14 15:17:58] - Brucella_ceti_TE10759_12_uid229880 [375/2787]
[2017-07-14 15:18:01] - Brucella_ceti_TE28753_12_uid229879 [376/2787]
[2017-07-14 15:18:03] - Brucella_melitensis_ATCC_23457_uid59241 [377/2787]
[2017-07-14 15:18:08] - Brucella_melitensis_M28_uid158857 [378/2787]
[2017-07-14 15:18:10] - Brucella_melitensis_M5_90_uid158855 [379/2787]
[2017-07-14 15:18:18] - Brucella_melitensis_NI_uid158853 [380/2787]
[2017-07-14 15:18:25] - Brucella_melitensis_biovar_Abortus_2308_uid62937 [381/2787]
[2017-07-14 15:18:32] - Brucella_melitensis_bv__1_16M_uid57735 [382/2787]
[2017-07-14 15:18:38] - Brucella_microti_CCM_4915_uid59319 [383/2787]
[2017-07-14 15:18:45] - Brucella_ovis_ATCC_25840_uid58113 [384/2787]
[2017-07-14 15:18:51] - Brucella_pinnipedialis_B2_94_uid71131 [385/2787]
[2017-07-14 15:18:51] - Brucella_suis_1330_uid159871 [386/2787]
[2017-07-14 15:18:52] - Brucella_suis_1330_uid57927 [387/2787]
[2017-07-14 15:18:57] - Brucella_suis_ATCC_23445_uid59015 [388/2787]
[2017-07-14 15:18:57] - Brucella_suis_VBI22_uid83617 [389/2787]
